29-09-2024  14:51 ERREUR->Module: SQLSTATE[42S02]: Base table or view not found: 1146 Table 'alsalam.is_page1' doesn't exist  SELECT *
FROM is_page1
WHERE  id = :id   AND publier = 1  29-09-2024  14:53 ERREUR->Module: SQLSTATE[42S02]: Base table or view not found: 1146 Table 'alsalam.is_contenu1' doesn't exist  SELECT c.*, p.title, p.alias, p.id_langue, p.param 
FROM is_contenu1 as c , `is_page` as p
WHERE  c.id_item = p.id AND c.id_item = :id AND c.publier = 1  AND p.publier = 1  AND c.id_appli = 1 
ORDER BY  ordre ASC29-09-2024  15:29 ERREUR->getData: SQLSTATE[42S02]: Base table or view not found: 1146 Table 'alsalam.is_categorie1' doesn't exist  SELECT co.* , ca.type , ca.id  AS 'id_blog', ca.sep , aff_titre , ca.libelle  AS 'lib_cat'
FROM is_categorie1 as ca, is_contenu as co
WHERE  co.id_item = ca.id AND co.id_item  = :id AND id_appli   = 11 AND   co.publier  = 1
ORDER BY  ordre29-09-2024  15:37 ERREUR->getData: SQLSTATE[42S02]: Base table or view not found: 1146 Table 'alsalam.is_agences1' doesn't exist  SELECT * 
FROM is_agences1
WHERE   `publier` = 1 AND  `region` =  1
ORDER BY  ordre29-09-2024  15:39 Cvtech->getData: SQLSTATE[42S02]: Base table or view not found: 1146 Table 'alsalam.cv_offre1' doesn't exist  SELECT * 
FROM cv_offre1
WHERE   `publier` = 1
ORDER BY  ordre29-09-2024  15:53 Newslist->getData: SQLSTATE[42S02]: Base table or view not found: 1146 Table 'alsalam.is_news1' doesn't exist  SELECT * 
FROM is_news1
WHERE   `publier` = 1 AND id_langue = :id_langue 
ORDER BY  date DESC, date DESC29-09-2024  15:56 Produits->getDetail: SQLSTATE[42S02]: Base table or view not found: 1146 Table 'alsalam.is_produc1t' doesn't exist  SELECT * 
FROM is_produc1t
WHERE   id = :id29-09-2024  15:57 Produits->getTabsContent: SQLSTATE[42S02]: Base table or view not found: 1146 Table 'alsalam.is_contenu1' doesn't exist  SELECT * 
FROM `is_contenu1` as c   
WHERE   c.id_item = :id AND  c.id_langue = :lg AND  c.publier = 1 AND c.id_appli =8
ORDER BY  ordre